{
  "stats": {
    "suites": 1,
    "tests": 13,
    "passes": 12,
    "pending": 0,
    "failures": 1,
    "start": "2024-08-22T16:09:52.610Z",
    "end": "2024-08-22T16:10:49.823Z",
    "duration": 57213,
    "testsRegistered": 13,
    "passPercent": 92.3076923076923,
    "pendingPercent": 0,
    "other": 0,
    "hasOther": false,
    "skipped": 0,
    "hasSkipped": false
  },
  "results": [
    {
      "uuid": "205306e6-7561-4495-b223-1ac00dc9c517",
      "title": "",
      "fullFile": "cypress\\e2e\\home.cy.js",
      "file": "cypress\\e2e\\home.cy.js",
      "beforeHooks": [],
      "afterHooks": [],
      "tests": [],
      "suites": [
        {
          "uuid": "ced7fefc-27ba-4368-83ea-61b214c8b554",
          "title": "home spec",
          "fullFile": "",
          "file": "",
          "beforeHooks": [],
          "afterHooks": [],
          "tests": [
            {
              "title": "Verify the Tittle is displaying correctly",
              "fullTitle": "home spec Verify the Tittle is displaying correctly",
              "timedOut": null,
              "duration": 9371,
              "state": "passed",
              "speed": "medium",
              "pass": true,
              "fail": false,
              "pending": false,
              "context": null,
              "code": "// passed test case \ncy.title().should('eq', 'OrangeHRM'); // eq = equal",
              "err": {},
              "uuid": "6633268f-dea5-420d-bd53-ef89d2af9712",
              "parentUUID": "ced7fefc-27ba-4368-83ea-61b214c8b554",
              "isHook": false,
              "skipped": false
            },
            {
              "title": "Verify the Tittle is displaying incorrectly",
              "fullTitle": "home spec Verify the Tittle is displaying incorrectly",
              "timedOut": null,
              "duration": 5058,
              "state": "failed",
              "speed": null,
              "pass": false,
              "fail": true,
              "pending": false,
              "context": null,
              "code": "// failed test case (write this to danaganeemata) \ncy.title().should('eq', 'OrangeHRMer');",
              "err": {
                "message": "AssertionError: Timed out retrying after 4000ms: expected 'OrangeHRM' to equal 'OrangeHRMer'",
                "estack": "AssertionError: Timed out retrying after 4000ms: expected 'OrangeHRM' to equal 'OrangeHRMer'\n    at Context.eval (webpack://dimo_2/./cypress/e2e/home.cy.js:14:15)",
                "diff": "- 'OrangeHRM'\n+ 'OrangeHRMer'\n"
              },
              "uuid": "a9df03e8-5122-4205-b807-b26beeafcc80",
              "parentUUID": "ced7fefc-27ba-4368-83ea-61b214c8b554",
              "isHook": false,
              "skipped": false
            },
            {
              "title": "Verify the image is visible",
              "fullTitle": "home spec Verify the image is visible",
              "timedOut": null,
              "duration": 2311,
              "state": "passed",
              "speed": "fast",
              "pass": true,
              "fail": false,
              "pending": false,
              "context": null,
              "code": "// passed test case \n//cy.get('#app > div.orangehrm-login-layout > div > div.orangehrm-login-logo > img').should('be.visible');\n// #app > div.orangehrm-login-layout > div > div.orangehrm-login-logo > img  -> selector xpath \ncy.xpath('//*[@id=\"app\"]/div[1]/div/div[2]/img').should('be.visible'); // inspect and take this xpath",
              "err": {},
              "uuid": "5bf98c6e-51ad-420a-a7d8-bef668522f3f",
              "parentUUID": "ced7fefc-27ba-4368-83ea-61b214c8b554",
              "isHook": false,
              "skipped": false
            },
            {
              "title": "Verify the login tittle",
              "fullTitle": "home spec Verify the login tittle",
              "timedOut": null,
              "duration": 2524,
              "state": "passed",
              "speed": "fast",
              "pass": true,
              "fail": false,
              "pending": false,
              "context": null,
              "code": "// passed test case \ncy.get('h5');",
              "err": {},
              "uuid": "0057064f-07c4-4c69-a37d-66a7d8fd9c2e",
              "parentUUID": "ced7fefc-27ba-4368-83ea-61b214c8b554",
              "isHook": false,
              "skipped": false
            },
            {
              "title": "Verify the login with valid username and password",
              "fullTitle": "home spec Verify the login with valid username and password",
              "timedOut": null,
              "duration": 3734,
              "state": "passed",
              "speed": "fast",
              "pass": true,
              "fail": false,
              "pending": false,
              "context": null,
              "code": "// passed test case\ncy.xpath(\"//input[@placeholder='Username']\").type('Admin');\n//cy.get('input[name=\"username\"]').type('Admin');\ncy.xpath(\"//input[@placeholder='Password']\").type('admin123');\n//cy.get('input[name=\"password\"]').type('admin123');\ncy.xpath(\"//button[normalize-space()='Login']\").click();\n//cy.get('button[type=\"submit\"]').click();  // in here check the login . hariytama log wenawada // click on the login button\ncy.url().should('eq', 'https://opensource-demo.orangehrmlive.com/web/index.php/dashboard/index'); // after clicking the login button check where to navigate \n//cy.url().should('include', '/dashboard'); // naviagete wena page url eke kohe hari /dashboard thiyenwada balanawa",
              "err": {},
              "uuid": "ac9e2368-7961-426d-8ae2-5452a9fb809e",
              "parentUUID": "ced7fefc-27ba-4368-83ea-61b214c8b554",
              "isHook": false,
              "skipped": false
            },
            {
              "title": "Verify the login with invalid username and valid password",
              "fullTitle": "home spec Verify the login with invalid username and valid password",
              "timedOut": null,
              "duration": 4937,
              "state": "passed",
              "speed": "fast",
              "pass": true,
              "fail": false,
              "pending": false,
              "context": null,
              "code": "// passed test case \n//cy.xpath(\"//input[@placeholder='Username']\").type('Kasun');\ncy.get('input[name=\"username\"]').type('Kasun');\ncy.get('input[name=\"password\"]').type('admin123');\ncy.get('button[type=\"submit\"]').click(); // in here check the login . hariytama log wenawada    // click on the login button\ncy.get('.oxd-text.oxd-text--p.oxd-alert-content-text').should('be.visible').and('contain.text', 'Invalid credentials');\n// .oxd-text.oxd-text--p.oxd-alert-content-text => for a class we used (.) cy.get('.class-name')  // Class selector\n// cy.get('#id-name')  // ID selector",
              "err": {},
              "uuid": "96dbd6d6-5a82-4589-a113-30026bc20752",
              "parentUUID": "ced7fefc-27ba-4368-83ea-61b214c8b554",
              "isHook": false,
              "skipped": false
            },
            {
              "title": "Verify the login with invalid password and valid username",
              "fullTitle": "home spec Verify the login with invalid password and valid username",
              "timedOut": null,
              "duration": 6118,
              "state": "passed",
              "speed": "medium",
              "pass": true,
              "fail": false,
              "pending": false,
              "context": null,
              "code": "// passed test case\n//cy.xpath(\"//input[@placeholder='Username']\").type('Admin');\ncy.get('input[name=\"username\"]').type('Admin');\ncy.get('input[name=\"password\"]').type('kasun123');\ncy.get('button[type=\"submit\"]').click(); // in here check the login . hariytama log wenawada    // click on the login button\ncy.get('.oxd-text.oxd-text--p.oxd-alert-content-text').should('be.visible').and('contain.text', 'Invalid credentials');",
              "err": {},
              "uuid": "b609064a-a792-4b59-9467-e1ee89d92984",
              "parentUUID": "ced7fefc-27ba-4368-83ea-61b214c8b554",
              "isHook": false,
              "skipped": false
            },
            {
              "title": "Verify the login with invalid username and password",
              "fullTitle": "home spec Verify the login with invalid username and password",
              "timedOut": null,
              "duration": 3710,
              "state": "passed",
              "speed": "fast",
              "pass": true,
              "fail": false,
              "pending": false,
              "context": null,
              "code": "// passed test case \n//cy.xpath(\"//input[@placeholder='Username']\").type('Kasun');\ncy.get('input[name=\"username\"]').type('Kasun');\ncy.get('input[name=\"password\"]').type('kasun123');\ncy.get('button[type=\"submit\"]').click(); // in here check the login . hariytama log wenawada    // click on the login button\ncy.get('.oxd-text.oxd-text--p.oxd-alert-content-text').should('be.visible').and('contain.text', 'Invalid credentials');",
              "err": {},
              "uuid": "aa6478fc-3694-4fb5-8607-96ef6321de27",
              "parentUUID": "ced7fefc-27ba-4368-83ea-61b214c8b554",
              "isHook": false,
              "skipped": false
            },
            {
              "title": "Verify the login with empty username and valid password",
              "fullTitle": "home spec Verify the login with empty username and valid password",
              "timedOut": null,
              "duration": 2063,
              "state": "passed",
              "speed": "fast",
              "pass": true,
              "fail": false,
              "pending": false,
              "context": null,
              "code": "// passed test case\n//cy.xpath(\"//input[@placeholder='Username']\").type(' ');\ncy.get('input[name=\"password\"]').type('admin123');\ncy.get('button[type=\"submit\"]').click(); // in here check the login . hariytama log wenawada    // click on the login button\n//cy.get('.oxd-text oxd-text--span oxd-input-field-error-message oxd-input-group__message').should('be.visible').and('contain.text', 'Required');\n//above cy.get command is an error -> cause in the class path there's no defined the dots (.) infront of the oxd  \ncy.get('.oxd-text.oxd-text--span.oxd-input-field-error-message.oxd-input-group__message').should('be.visible').and('contain.text', 'Required');\n//using dots (.) -> This selector targets elements that have all the specified classes. Each class name is a separate segment, \n//joined by dots with no spaces.",
              "err": {},
              "uuid": "413e3091-d107-440e-8be6-1c96c9e71f89",
              "parentUUID": "ced7fefc-27ba-4368-83ea-61b214c8b554",
              "isHook": false,
              "skipped": false
            },
            {
              "title": "Verify the login with empty password and valid username",
              "fullTitle": "home spec Verify the login with empty password and valid username",
              "timedOut": null,
              "duration": 2197,
              "state": "passed",
              "speed": "fast",
              "pass": true,
              "fail": false,
              "pending": false,
              "context": null,
              "code": "// passed test case \n//cy.xpath(\"//input[@placeholder='Username']\").type('yourUsername');\ncy.get('input[name=\"username\"]').type('Admin');\ncy.get('button[type=\"submit\"]').click(); // in here check the login . hariytama log wenawada    // click on the login button\ncy.get('.oxd-text.oxd-text--span.oxd-input-field-error-message.oxd-input-group__message').should('be.visible').and('contain.text', 'Required');",
              "err": {},
              "uuid": "d6ee04dc-bd0f-4631-b1fc-5430b78555fb",
              "parentUUID": "ced7fefc-27ba-4368-83ea-61b214c8b554",
              "isHook": false,
              "skipped": false
            },
            {
              "title": "Verify the login with empty username and password",
              "fullTitle": "home spec Verify the login with empty username and password",
              "timedOut": null,
              "duration": 2319,
              "state": "passed",
              "speed": "fast",
              "pass": true,
              "fail": false,
              "pending": false,
              "context": null,
              "code": "// passed test case\n//cy.xpath(\"//input[@placeholder='Username']\").type('yourUsername');\ncy.get('button[type=\"submit\"]').click(); // in here check the login . hariytama log wenawada    // click on the login button\ncy.get('.oxd-text.oxd-text--span.oxd-input-field-error-message.oxd-input-group__message').should('be.visible').and('contain.text', 'Required');",
              "err": {},
              "uuid": "d3b55f27-524a-4621-8003-326287c4e1b9",
              "parentUUID": "ced7fefc-27ba-4368-83ea-61b214c8b554",
              "isHook": false,
              "skipped": false
            },
            {
              "title": "Verify the login with case sensitive with username and password",
              "fullTitle": "home spec Verify the login with case sensitive with username and password",
              "timedOut": null,
              "duration": 5000,
              "state": "passed",
              "speed": "fast",
              "pass": true,
              "fail": false,
              "pending": false,
              "context": null,
              "code": "// passed test case \n//cy.xpath(\"//input[@placeholder='Username']\").type('yourUsername');\ncy.get('input[name=\"username\"]').type('KAsunN');\ncy.get('input[name=\"password\"]').type('KaSuN123');\ncy.get('button[type=\"submit\"]').click(); // in here check the login . hariytama log wenawada    // click on the login button\ncy.get('.oxd-text.oxd-text--p.oxd-alert-content-text').should('be.visible').and('contain.text', 'Invalid credentials');",
              "err": {},
              "uuid": "9e3799db-330a-4956-bfe5-5ad3cc70deae",
              "parentUUID": "ced7fefc-27ba-4368-83ea-61b214c8b554",
              "isHook": false,
              "skipped": false
            },
            {
              "title": "Verify the \"Forget Your Password\" link redirect to \"Reset Password\" page correct page",
              "fullTitle": "home spec Verify the \"Forget Your Password\" link redirect to \"Reset Password\" page correct page",
              "timedOut": null,
              "duration": 2293,
              "state": "passed",
              "speed": "fast",
              "pass": true,
              "fail": false,
              "pending": false,
              "context": null,
              "code": "// passed test case\n//cy.xpath(\"//input[@placeholder='Username']\").type('yourUsername');\ncy.get('.oxd-text.oxd-text--p.orangehrm-login-forgot-header').click(); // oxd-text oxd-text--p orangehrm-login-forgot-header// use dots(.) for spaces\ncy.url().should('eq', 'https://opensource-demo.orangehrmlive.com/web/index.php/auth/requestPasswordResetCode');",
              "err": {},
              "uuid": "41b0a64d-92b5-4e67-98c5-50748523533a",
              "parentUUID": "ced7fefc-27ba-4368-83ea-61b214c8b554",
              "isHook": false,
              "skipped": false
            }
          ],
          "suites": [],
          "passes": [
            "6633268f-dea5-420d-bd53-ef89d2af9712",
            "5bf98c6e-51ad-420a-a7d8-bef668522f3f",
            "0057064f-07c4-4c69-a37d-66a7d8fd9c2e",
            "ac9e2368-7961-426d-8ae2-5452a9fb809e",
            "96dbd6d6-5a82-4589-a113-30026bc20752",
            "b609064a-a792-4b59-9467-e1ee89d92984",
            "aa6478fc-3694-4fb5-8607-96ef6321de27",
            "413e3091-d107-440e-8be6-1c96c9e71f89",
            "d6ee04dc-bd0f-4631-b1fc-5430b78555fb",
            "d3b55f27-524a-4621-8003-326287c4e1b9",
            "9e3799db-330a-4956-bfe5-5ad3cc70deae",
            "41b0a64d-92b5-4e67-98c5-50748523533a"
          ],
          "failures": [
            "a9df03e8-5122-4205-b807-b26beeafcc80"
          ],
          "pending": [],
          "skipped": [],
          "duration": 51635,
          "root": false,
          "rootEmpty": false,
          "_timeout": 2000
        }
      ],
      "passes": [],
      "failures": [],
      "pending": [],
      "skipped": [],
      "duration": 0,
      "root": true,
      "rootEmpty": true,
      "_timeout": 2000
    }
  ],
  "meta": {
    "mocha": {
      "version": "7.0.1"
    },
    "mochawesome": {
      "options": {
        "quiet": false,
        "reportFilename": "mochawesome",
        "saveHtml": true,
        "saveJson": true,
        "consoleReporter": "spec",
        "useInlineDiffs": false,
        "code": true
      },
      "version": "7.1.3"
    },
    "marge": {
      "options": {
        "reportDir": "cypress/results",
        "overwrite": true,
        "html": true,
        "json": true
      },
      "version": "6.2.0"
    }
  }
}